Removed Pin From Net: NetName=CLKINP1 Pin=U1-5
Removed Pin From Net: NetName=CLKINN1 Pin=U1-6
Removed Pin From Net: NetName=D0INP1 Pin=U2-5
Removed Pin From Net: NetName=D0INN1 Pin=U2-6
Removed Pin From Net: NetName=D1INP1 Pin=U3-5
Removed Pin From Net: NetName=D1INN1 Pin=U3-6
Removed Pin From Net: NetName=D2INP1 Pin=U4-5
Removed Pin From Net: NetName=D2INN1 Pin=U4-6
Added Component: Designator=C1(0603)
Added Component: Designator=C2(0603)
Added Component: Designator=C3(0603)
Added Pin To Net: NetName=GND Pin=C1-2
Added Pin To Net: NetName=GND Pin=C2-2
Added Pin To Net: NetName=GND Pin=C3-2
Added Pin To Net: NetName=CLKINP1 Pin=U1-8
Added Pin To Net: NetName=CLKINN1 Pin=U1-9
Added Pin To Net: NetName=D0INP1 Pin=U2-8
Added Pin To Net: NetName=D0INN1 Pin=U2-9
Added Pin To Net: NetName=D1INP1 Pin=U3-8
Added Pin To Net: NetName=D1INN1 Pin=U3-9
Added Pin To Net: NetName=D2INP1 Pin=U4-8
Added Pin To Net: NetName=D2INN1 Pin=U4-9
Added Pin To Net: NetName=GND Pin=U5-3
Added Pin To Net: NetName=GND Pin=U5-5
Added Pin To Net: NetName=GND Pin=U5-8
Added Pin To Net: NetName=GND Pin=U5-11
Added Pin To Net: NetName=GND Pin=U5-14
Added Pin To Net: NetName=GND Pin=U5-25
Added Pin To Net: NetName=GND Pin=U5-28
Added Pin To Net: NetName=GND Pin=U5-31
Added Pin To Net: NetName=GND Pin=U5-34
Added Pin To Net: NetName=GND Pin=U5-36
Change Net Name : Old Net Name=CLKINN1 New Net Name=CLKINN2
Change Net Name : Old Net Name=CLKINP1 New Net Name=CLKINP2
Change Net Name : Old Net Name=D0INN1 New Net Name=D0INN2
Change Net Name : Old Net Name=D0INP1 New Net Name=D0INP2
Change Net Name : Old Net Name=D1INN1 New Net Name=D1INN2
Change Net Name : Old Net Name=D1INP1 New Net Name=D1INP2
Change Net Name : Old Net Name=D2INN1 New Net Name=D2INN2
Change Net Name : Old Net Name=D2INP1 New Net Name=D2INP2
Added Pin To Net: NetName=CLKINN1 Pin=U1-6
Added Net: Name=CLKINN1
Added Pin To Net: NetName=CLKINP1 Pin=U1-5
Added Net: Name=CLKINP1
Added Pin To Net: NetName=D0INN1 Pin=U2-6
Added Net: Name=D0INN1
Added Pin To Net: NetName=D0INP1 Pin=U2-5
Added Net: Name=D0INP1
Added Pin To Net: NetName=D1INN1 Pin=U3-6
Added Net: Name=D1INN1
Added Pin To Net: NetName=D1INP1 Pin=U3-5
Added Net: Name=D1INP1
Added Pin To Net: NetName=D2INN1 Pin=U4-6
Added Net: Name=D2INN1
Added Pin To Net: NetName=D2INP1 Pin=U4-5
Added Net: Name=D2INP1
Added Pin To Net: NetName=NetC1_1 Pin=C1-1
Added Pin To Net: NetName=NetC1_1 Pin=U5-37
Added Net: Name=NetC1_1
Added Pin To Net: NetName=V3V3 Pin=C2-1
Added Pin To Net: NetName=V3V3 Pin=U5-2
Added Net: Name=V3V3
Added Pin To Net: NetName=V5V Pin=C3-1
Added Pin To Net: NetName=V5V Pin=U5-1
Added Net: Name=V5V
Added Member To Class: ClassName=U_HDMI8x8_InputConnector Member=Component C1 C0603C104M4RACTU
Added Member To Class: ClassName=U_HDMI8x8_InputConnector Member=Component C2 C0603C104M4RACTU
Added Member To Class: ClassName=U_HDMI8x8_InputConnector Member=Component C3 C0603C104M4RACTU
