Removed Member From Class: ClassName=D1OUTN[1..8] Member=D0OUTN2
Removed Member From Class: ClassName=D1OUTN[1..8] Member=D0OUTN3
Removed Member From Class: ClassName=D1OUTN[1..8] Member=D0OUTN4
Removed Member From Class: ClassName=D1OUTN[1..8] Member=D0OUTN5
Removed Member From Class: ClassName=D1OUTN[1..8] Member=D0OUTN6
Removed Member From Class: ClassName=D1OUTN[1..8] Member=D0OUTN7
Removed Member From Class: ClassName=D1OUTN[1..8] Member=D0OUTN8
Removed Member From Class: ClassName=D1OUTP[1..8] Member=D0OUTP2
Removed Member From Class: ClassName=D1OUTP[1..8] Member=D0OUTP3
Removed Member From Class: ClassName=D1OUTP[1..8] Member=D0OUTP4
Removed Member From Class: ClassName=D1OUTP[1..8] Member=D0OUTP5
Removed Member From Class: ClassName=D1OUTP[1..8] Member=D0OUTP6
Removed Member From Class: ClassName=D1OUTP[1..8] Member=D0OUTP7
Removed Member From Class: ClassName=D1OUTP[1..8] Member=D0OUTP8
Added Member To Class: ClassName=CLKINN[1..8] Member=Element[2]: CLKINN
Added Member To Class: ClassName=CLKINP[1..8] Member=Element[2]: CLKINP
Added Member To Class: ClassName=D0INN[1..8] Member=Element[2]: D0INN
Added Member To Class: ClassName=D0INP[1..8] Member=Element[2]: D0INP
Added Member To Class: ClassName=D1INN[1..8] Member=Element[2]: D1INN
Added Member To Class: ClassName=D1INP[1..8] Member=Element[2]: D1INP
Added Member To Class: ClassName=D1OUTN[1..8] Member=Element[2]: D1OUTN
Added Member To Class: ClassName=D1OUTN[1..8] Member=Element[3]: D1OUTN
Added Member To Class: ClassName=D1OUTN[1..8] Member=Element[4]: D1OUTN
Added Member To Class: ClassName=D1OUTN[1..8] Member=Element[5]: D1OUTN
Added Member To Class: ClassName=D1OUTN[1..8] Member=Element[6]: D1OUTN
Added Member To Class: ClassName=D1OUTN[1..8] Member=Element[7]: D1OUTN
Added Member To Class: ClassName=D1OUTN[1..8] Member=Element[8]: D1OUTN
Added Member To Class: ClassName=D1OUTP[1..8] Member=Element[2]: D1OUTP
Added Member To Class: ClassName=D1OUTP[1..8] Member=Element[3]: D1OUTP
Added Member To Class: ClassName=D1OUTP[1..8] Member=Element[4]: D1OUTP
Added Member To Class: ClassName=D1OUTP[1..8] Member=Element[5]: D1OUTP
Added Member To Class: ClassName=D1OUTP[1..8] Member=Element[6]: D1OUTP
Added Member To Class: ClassName=D1OUTP[1..8] Member=Element[7]: D1OUTP
Added Member To Class: ClassName=D1OUTP[1..8] Member=Element[8]: D1OUTP
Added Member To Class: ClassName=D2INN[1..8] Member=Element[2]: D2INN
Added Member To Class: ClassName=D2INP[1..8] Member=Element[2]: D2INP
