Removed Pin From Net: NetName=CLKINP2 Pin=U1-8
Removed Pin From Net: NetName=CLKINN2 Pin=U1-9
Removed Pin From Net: NetName=D0INP2 Pin=U2-8
Removed Pin From Net: NetName=D0INN2 Pin=U2-9
Removed Pin From Net: NetName=D0OUTN1 Pin=U2-59
Removed Pin From Net: NetName=D0OUTP1 Pin=U2-60
Removed Pin From Net: NetName=D1INP2 Pin=U3-8
Removed Pin From Net: NetName=D1INN2 Pin=U3-9
Removed Pin From Net: NetName=D1OUTN1 Pin=U3-59
Removed Pin From Net: NetName=D1OUTP1 Pin=U3-60
Removed Pin From Net: NetName=D2INP2 Pin=U4-8
Removed Pin From Net: NetName=D2INN2 Pin=U4-9
Added Component: Designator=C4(0603)
Added Component: Designator=C5(0603)
Added Component: Designator=C6(0603)
Added Component: Designator=J2(CONN_HDMI_SD-47151)
Added Component: Designator=U6(PW0024A_N)
Added Pin To Net: NetName=GND Pin=C4-2
Added Pin To Net: NetName=V3V3 Pin=C5-1
Added Pin To Net: NetName=GND Pin=C5-2
Added Pin To Net: NetName=V5V Pin=C6-1
Added Pin To Net: NetName=GND Pin=C6-2
Added Pin To Net: NetName=GND Pin=J2-2
Added Pin To Net: NetName=D1OUTP1 Pin=J2-4
Added Pin To Net: NetName=GND Pin=J2-5
Added Pin To Net: NetName=D1OUTN1 Pin=J2-6
Added Pin To Net: NetName=D0OUTP1 Pin=J2-7
Added Pin To Net: NetName=GND Pin=J2-8
Added Pin To Net: NetName=D0OUTN1 Pin=J2-9
Added Pin To Net: NetName=CLKOUTP1 Pin=J2-10
Added Pin To Net: NetName=GND Pin=J2-11
Added Pin To Net: NetName=CLKOUTN1 Pin=J2-12
Added Pin To Net: NetName=GND Pin=J2-17
Added Pin To Net: NetName=CLKINP2 Pin=U1-5
Added Pin To Net: NetName=CLKINN2 Pin=U1-6
Added Pin To Net: NetName=D0INP2 Pin=U2-5
Added Pin To Net: NetName=D0INN2 Pin=U2-6
Added Pin To Net: NetName=D1INP2 Pin=U3-5
Added Pin To Net: NetName=D1INN2 Pin=U3-6
Added Pin To Net: NetName=D0OUTN1 Pin=U3-59
Added Pin To Net: NetName=D0OUTP1 Pin=U3-60
Added Pin To Net: NetName=D2INP2 Pin=U4-5
Added Pin To Net: NetName=D2INN2 Pin=U4-6
Added Pin To Net: NetName=D1OUTN1 Pin=U4-59
Added Pin To Net: NetName=D1OUTP1 Pin=U4-60
Added Pin To Net: NetName=V3V3 Pin=U6-5
Added Pin To Net: NetName=GND Pin=U6-6
Added Pin To Net: NetName=V5V Pin=U6-11
Added Pin To Net: NetName=V3V3 Pin=U6-12
Added Pin To Net: NetName=GND Pin=U6-14
Added Pin To Net: NetName=CLKOUTP1 Pin=U6-15
Added Pin To Net: NetName=CLKOUTN1 Pin=U6-16
Added Pin To Net: NetName=D0OUTN1 Pin=U6-17
Added Pin To Net: NetName=D0OUTP1 Pin=U6-18
Added Pin To Net: NetName=GND Pin=U6-19
Added Pin To Net: NetName=D1OUTN1 Pin=U6-20
Added Pin To Net: NetName=D1OUTP1 Pin=U6-21
Added Pin To Net: NetName=V3V3 Pin=U6-24
Change Net Name : Old Net Name=CLKINN2 New Net Name=CLKINN1
Change Net Name : Old Net Name=CLKINP2 New Net Name=CLKINP1
Change Net Name : Old Net Name=D0INN2 New Net Name=D0INN1
Change Net Name : Old Net Name=D0INP2 New Net Name=D0INP1
Change Net Name : Old Net Name=D1INN2 New Net Name=D1INN1
Change Net Name : Old Net Name=D1INP2 New Net Name=D1INP1
Change Net Name : Old Net Name=D1OUTN2 New Net Name=D0OUTN2
Change Net Name : Old Net Name=D1OUTN3 New Net Name=D0OUTN3
Change Net Name : Old Net Name=D1OUTN4 New Net Name=D0OUTN4
Change Net Name : Old Net Name=D1OUTN5 New Net Name=D0OUTN5
Change Net Name : Old Net Name=D1OUTN6 New Net Name=D0OUTN6
Change Net Name : Old Net Name=D1OUTN7 New Net Name=D0OUTN7
Change Net Name : Old Net Name=D1OUTN8 New Net Name=D0OUTN8
Change Net Name : Old Net Name=D1OUTP2 New Net Name=D0OUTP2
Change Net Name : Old Net Name=D1OUTP3 New Net Name=D0OUTP3
Change Net Name : Old Net Name=D1OUTP4 New Net Name=D0OUTP4
Change Net Name : Old Net Name=D1OUTP5 New Net Name=D0OUTP5
Change Net Name : Old Net Name=D1OUTP6 New Net Name=D0OUTP6
Change Net Name : Old Net Name=D1OUTP7 New Net Name=D0OUTP7
Change Net Name : Old Net Name=D1OUTP8 New Net Name=D0OUTP8
Change Net Name : Old Net Name=D2INN2 New Net Name=D2INN1
Change Net Name : Old Net Name=D2INP2 New Net Name=D2INP1
Change Net Name : Old Net Name=D2OUTN2 New Net Name=D1OUTN2
Change Net Name : Old Net Name=D2OUTN3 New Net Name=D1OUTN3
Change Net Name : Old Net Name=D2OUTN4 New Net Name=D1OUTN4
Change Net Name : Old Net Name=D2OUTN5 New Net Name=D1OUTN5
Change Net Name : Old Net Name=D2OUTN6 New Net Name=D1OUTN6
Change Net Name : Old Net Name=D2OUTN7 New Net Name=D1OUTN7
Change Net Name : Old Net Name=D2OUTN8 New Net Name=D1OUTN8
Change Net Name : Old Net Name=D2OUTP2 New Net Name=D1OUTP2
Change Net Name : Old Net Name=D2OUTP3 New Net Name=D1OUTP3
Change Net Name : Old Net Name=D2OUTP4 New Net Name=D1OUTP4
Change Net Name : Old Net Name=D2OUTP5 New Net Name=D1OUTP5
Change Net Name : Old Net Name=D2OUTP6 New Net Name=D1OUTP6
Change Net Name : Old Net Name=D2OUTP7 New Net Name=D1OUTP7
Change Net Name : Old Net Name=D2OUTP8 New Net Name=D1OUTP8
Added Pin To Net: NetName=CLKINN2 Pin=U1-9
Added Net: Name=CLKINN2
Added Pin To Net: NetName=CLKINP2 Pin=U1-8
Added Net: Name=CLKINP2
Added Pin To Net: NetName=D0INN2 Pin=U2-9
Added Net: Name=D0INN2
Added Pin To Net: NetName=D0INP2 Pin=U2-8
Added Net: Name=D0INP2
Added Pin To Net: NetName=D1INN2 Pin=U3-9
Added Net: Name=D1INN2
Added Pin To Net: NetName=D1INP2 Pin=U3-8
Added Net: Name=D1INP2
Added Pin To Net: NetName=D2INN2 Pin=U4-9
Added Net: Name=D2INN2
Added Pin To Net: NetName=D2INP2 Pin=U4-8
Added Net: Name=D2INP2
Added Pin To Net: NetName=NetC4_1 Pin=C4-1
Added Pin To Net: NetName=NetC4_1 Pin=J2-18
Added Pin To Net: NetName=NetC4_1 Pin=U6-13
Added Net: Name=NetC4_1
Added Pin To Net: NetName=NetJ2_13 Pin=J2-13
Added Pin To Net: NetName=NetJ2_13 Pin=U6-7
Added Net: Name=NetJ2_13
Added Pin To Net: NetName=NetJ2_15 Pin=J2-15
Added Pin To Net: NetName=NetJ2_15 Pin=U6-8
Added Net: Name=NetJ2_15
Added Pin To Net: NetName=NetJ2_16 Pin=J2-16
Added Pin To Net: NetName=NetJ2_16 Pin=U6-9
Added Net: Name=NetJ2_16
Added Pin To Net: NetName=NetJ2_19 Pin=J2-19
Added Pin To Net: NetName=NetJ2_19 Pin=U6-10
Added Net: Name=NetJ2_19
Added Class: Name=U_HDMI8x8_OutputConnector
Added Member To Class: ClassName=CLKINN[1..8] Member=Element[1]: CLKINN
Added Member To Class: ClassName=CLKINP[1..8] Member=Element[1]: CLKINP
Added Member To Class: ClassName=D0INN[1..8] Member=Element[1]: D0INN
Added Member To Class: ClassName=D0INP[1..8] Member=Element[1]: D0INP
Added Member To Class: ClassName=D1INN[1..8] Member=Element[1]: D1INN
Added Member To Class: ClassName=D1INP[1..8] Member=Element[1]: D1INP
Added Member To Class: ClassName=D2INN[1..8] Member=Element[1]: D2INN
Added Member To Class: ClassName=D2INP[1..8] Member=Element[1]: D2INP
