Removed Member From Class: ClassName=D0OUTN[1..8] Member=D2OUTN2
Removed Member From Class: ClassName=D0OUTN[1..8] Member=D2OUTN3
Removed Member From Class: ClassName=D0OUTN[1..8] Member=D2OUTN4
Removed Member From Class: ClassName=D0OUTN[1..8] Member=D2OUTN5
Removed Member From Class: ClassName=D0OUTN[1..8] Member=D2OUTN6
Removed Member From Class: ClassName=D0OUTN[1..8] Member=D2OUTN7
Removed Member From Class: ClassName=D0OUTN[1..8] Member=D2OUTN8
Removed Member From Class: ClassName=D0OUTP[1..8] Member=D2OUTP2
Removed Member From Class: ClassName=D0OUTP[1..8] Member=D2OUTP3
Removed Member From Class: ClassName=D0OUTP[1..8] Member=D2OUTP4
Removed Member From Class: ClassName=D0OUTP[1..8] Member=D2OUTP5
Removed Member From Class: ClassName=D0OUTP[1..8] Member=D2OUTP6
Removed Member From Class: ClassName=D0OUTP[1..8] Member=D2OUTP7
Removed Member From Class: ClassName=D0OUTP[1..8] Member=D2OUTP8
Change Net Name : Old Net Name=CLKINN1 New Net Name=CLKIN_N1
Change Net Name : Old Net Name=CLKINN2 New Net Name=CLKIN_N2
Change Net Name : Old Net Name=CLKINN3 New Net Name=CLKIN_N3
Change Net Name : Old Net Name=CLKINN4 New Net Name=CLKIN_N4
Change Net Name : Old Net Name=CLKINN5 New Net Name=CLKIN_N5
Change Net Name : Old Net Name=CLKINN6 New Net Name=CLKIN_N6
Change Net Name : Old Net Name=CLKINN7 New Net Name=CLKIN_N7
Change Net Name : Old Net Name=CLKINN8 New Net Name=CLKIN_N8
Change Net Name : Old Net Name=CLKINP1 New Net Name=CLKIN_P1
Change Net Name : Old Net Name=CLKINP2 New Net Name=CLKIN_P2
Change Net Name : Old Net Name=CLKINP3 New Net Name=CLKIN_P3
Change Net Name : Old Net Name=CLKINP4 New Net Name=CLKIN_P4
Change Net Name : Old Net Name=CLKINP5 New Net Name=CLKIN_P5
Change Net Name : Old Net Name=CLKINP6 New Net Name=CLKIN_P6
Change Net Name : Old Net Name=CLKINP7 New Net Name=CLKIN_P7
Change Net Name : Old Net Name=CLKINP8 New Net Name=CLKIN_P8
Change Net Name : Old Net Name=D0INN1 New Net Name=D0IN_N1
Change Net Name : Old Net Name=D0INN2 New Net Name=D0IN_N2
Change Net Name : Old Net Name=D0INN3 New Net Name=D0IN_N3
Change Net Name : Old Net Name=D0INN4 New Net Name=D0IN_N4
Change Net Name : Old Net Name=D0INN5 New Net Name=D0IN_N5
Change Net Name : Old Net Name=D0INN6 New Net Name=D0IN_N6
Change Net Name : Old Net Name=D0INN7 New Net Name=D0IN_N7
Change Net Name : Old Net Name=D0INN8 New Net Name=D0IN_N8
Change Net Name : Old Net Name=D0INP1 New Net Name=D0IN_P1
Change Net Name : Old Net Name=D0INP2 New Net Name=D0IN_P2
Change Net Name : Old Net Name=D0INP3 New Net Name=D0IN_P3
Change Net Name : Old Net Name=D0INP4 New Net Name=D0IN_P4
Change Net Name : Old Net Name=D0INP5 New Net Name=D0IN_P5
Change Net Name : Old Net Name=D0INP6 New Net Name=D0IN_P6
Change Net Name : Old Net Name=D0INP7 New Net Name=D0IN_P7
Change Net Name : Old Net Name=D0INP8 New Net Name=D0IN_P8
Change Net Name : Old Net Name=D1INN1 New Net Name=D1IN_N1
Change Net Name : Old Net Name=D1INN2 New Net Name=D1IN_N2
Change Net Name : Old Net Name=D1INN3 New Net Name=D1IN_N3
Change Net Name : Old Net Name=D1INN4 New Net Name=D1IN_N4
Change Net Name : Old Net Name=D1INN5 New Net Name=D1IN_N5
Change Net Name : Old Net Name=D1INN6 New Net Name=D1IN_N6
Change Net Name : Old Net Name=D1INN7 New Net Name=D1IN_N7
Change Net Name : Old Net Name=D1INN8 New Net Name=D1IN_N8
Change Net Name : Old Net Name=D1INP1 New Net Name=D1IN_P1
Change Net Name : Old Net Name=D1INP2 New Net Name=D1IN_P2
Change Net Name : Old Net Name=D1INP3 New Net Name=D1IN_P3
Change Net Name : Old Net Name=D1INP4 New Net Name=D1IN_P4
Change Net Name : Old Net Name=D1INP5 New Net Name=D1IN_P5
Change Net Name : Old Net Name=D1INP6 New Net Name=D1IN_P6
Change Net Name : Old Net Name=D1INP7 New Net Name=D1IN_P7
Change Net Name : Old Net Name=D1INP8 New Net Name=D1IN_P8
Change Net Name : Old Net Name=D2INN1 New Net Name=D2IN_N1
Change Net Name : Old Net Name=D2INN2 New Net Name=D2IN_N2
Change Net Name : Old Net Name=D2INN3 New Net Name=D2IN_N3
Change Net Name : Old Net Name=D2INN4 New Net Name=D2IN_N4
Change Net Name : Old Net Name=D2INN5 New Net Name=D2IN_N5
Change Net Name : Old Net Name=D2INN6 New Net Name=D2IN_N6
Change Net Name : Old Net Name=D2INN7 New Net Name=D2IN_N7
Change Net Name : Old Net Name=D2INN8 New Net Name=D2IN_N8
Change Net Name : Old Net Name=D2INP1 New Net Name=D2IN_P1
Change Net Name : Old Net Name=D2INP2 New Net Name=D2IN_P2
Change Net Name : Old Net Name=D2INP3 New Net Name=D2IN_P3
Change Net Name : Old Net Name=D2INP4 New Net Name=D2IN_P4
Change Net Name : Old Net Name=D2INP5 New Net Name=D2IN_P5
Change Net Name : Old Net Name=D2INP6 New Net Name=D2IN_P6
Change Net Name : Old Net Name=D2INP7 New Net Name=D2IN_P7
Change Net Name : Old Net Name=D2INP8 New Net Name=D2IN_P8
Added Class: Name=CLKIN_N[1..8]
Added Class: Name=CLKIN_P[1..8]
Added Class: Name=D0IN_N[1..8]
Added Class: Name=D0IN_P[1..8]
Added Class: Name=D1IN_N[1..8]
Added Class: Name=D1IN_P[1..8]
Added Class: Name=D2IN_N[1..8]
Added Class: Name=D2IN_P[1..8]
Added Differential Pair: Name=CLKIN1
Added Differential Pair: Name=D0IN1
Added Differential Pair: Name=D1IN1
Added Differential Pair: Name=D2IN1
Added Member To Class: ClassName=D0OUTN[1..8] Member=Element[2]: D0OUTN
Added Member To Class: ClassName=D0OUTN[1..8] Member=Element[3]: D0OUTN
Added Member To Class: ClassName=D0OUTN[1..8] Member=Element[4]: D0OUTN
Added Member To Class: ClassName=D0OUTN[1..8] Member=Element[5]: D0OUTN
Added Member To Class: ClassName=D0OUTN[1..8] Member=Element[6]: D0OUTN
Added Member To Class: ClassName=D0OUTN[1..8] Member=Element[7]: D0OUTN
Added Member To Class: ClassName=D0OUTN[1..8] Member=Element[8]: D0OUTN
Added Member To Class: ClassName=D0OUTP[1..8] Member=Element[2]: D0OUTP
Added Member To Class: ClassName=D0OUTP[1..8] Member=Element[3]: D0OUTP
Added Member To Class: ClassName=D0OUTP[1..8] Member=Element[4]: D0OUTP
Added Member To Class: ClassName=D0OUTP[1..8] Member=Element[5]: D0OUTP
Added Member To Class: ClassName=D0OUTP[1..8] Member=Element[6]: D0OUTP
Added Member To Class: ClassName=D0OUTP[1..8] Member=Element[7]: D0OUTP
Added Member To Class: ClassName=D0OUTP[1..8] Member=Element[8]: D0OUTP
